2025-08-04 21:55:20.112 [main] INFO  com.rs.mv.mvvs.Startup - [LSP:100101]ROCKET MV BASIC EXTENSION to start
2025-08-04 21:55:20.139 [main] INFO  com.rs.mv.mvvs.lsp.server.BasicLanguageServerLauncher - [LSP:100102]start pip server
2025-08-04 21:55:20.247 [main] INFO  com.rs.mv.mvvs.lsp.server.BasicLanguageServerLauncher - [LSP:100103]ROCKET MV BASIC EXTENSION start successful
2025-08-04 21:55:20.313 [pool-3-thread-1] INFO  com.rs.mv.mvvs.instance.workspace.WorkspaceManager - [workspace:200101]load all workspace folders start
2025-08-04 21:55:20.314 [pool-3-thread-1] INFO  com.rs.mv.mvvs.instance.workspace.WorkspaceManager - [workspace:20010201]root uri: file:///c%3A/Users/ibrag/OneDrive/%D0%A0%D0%B0%D0%B1%D0%BE%D1%87%D0%B8%D0%B9%20%D1%81%D1%82%D0%BE%D0%BB/Spiralytics
2025-08-04 21:55:20.315 [pool-3-thread-1] INFO  com.rs.mv.mvvs.instance.workspace.handler.FolderHandler - [workspace:200103]workspace contains workspace folder: file:///c%3A/Users/ibrag/OneDrive/%D0%A0%D0%B0%D0%B1%D0%BE%D1%87%D0%B8%D0%B9%20%D1%81%D1%82%D0%BE%D0%BB/Spiralytics
2025-08-04 21:55:20.334 [pool-3-thread-1] INFO  com.rs.mv.mvvs.instance.workspace.handler.FolderHandler - [workspace:200104]workspace folder will be cached: file:///c%3A/Users/ibrag/OneDrive/%D0%A0%D0%B0%D0%B1%D0%BE%D1%87%D0%B8%D0%B9%20%D1%81%D1%82%D0%BE%D0%BB/Spiralytics
2025-08-04 21:55:20.336 [pool-3-thread-1] INFO  com.rs.mv.mvvs.rmv.config.Config - [framework:30010101]config load start
2025-08-04 21:55:20.336 [pool-3-thread-1] INFO  com.rs.mv.mvvs.rmv.config.Config - [framework:30010102]project config path is : C:/Users/ibrag/OneDrive/Рабочий стол/Spiralytics/.rmv/config
2025-08-04 21:55:20.336 [pool-3-thread-1] INFO  com.rs.mv.mvvs.rmv.config.Config - [framework:30010103]resource config path is : /
2025-08-04 21:55:20.336 [pool-3-thread-1] INFO  com.rs.mv.mvvs.rmv.config.Config - [framework:30010104]user config path is : C:/Users/ibrag
2025-08-04 21:55:20.347 [pool-3-thread-1] INFO  com.rs.mv.mvvs.rmv.config.Config - [framework:30010105]config load end
2025-08-04 21:55:20.348 [pool-3-thread-1] INFO  com.rs.mv.mvvs.rmv.documentation.BasicDocumentation - [framework:30020101]documentation load start
2025-08-04 21:55:20.349 [pool-3-thread-1] INFO  com.rs.mv.mvvs.rmv.documentation.reader.SystemDocReader - [framework:30020102]system documentation path: /documentation/UNIVERSE/
2025-08-04 21:55:20.352 [pool-3-thread-1] INFO  com.rs.mv.mvvs.rmv.documentation.reader.ProjectDocReader - [framework:30020103]project documentation brief file: C:\Users\ibrag\OneDrive\Рабочий стол\Spiralytics\.rmv\documentation\UNIVERSE\custom.json
2025-08-04 21:55:20.353 [pool-3-thread-1] INFO  com.rs.mv.mvvs.rmv.documentation.reader.UserDocReader - [framework:30020104]user documentation brief file: C:\Users\ibrag\documentation\UNIVERSE\custom.json
2025-08-04 21:55:20.411 [pool-3-thread-1] INFO  com.rs.mv.mvvs.rmv.documentation.BasicDocumentation - [framework:30020105]documentation load end
2025-08-04 21:55:20.421 [pool-3-thread-1] INFO  com.rs.mv.mvvs.common.convertor.ConvertorManager - [framework:30030101]convertors for folder(C:/Users/ibrag/OneDrive/Рабочий стол/Spiralytics) load start
2025-08-04 21:55:20.436 [pool-3-thread-1] INFO  com.rs.mv.mvvs.common.convertor.ConvertorManager - [framework:30030102]comment convertor load finish
2025-08-04 21:55:20.666 [pool-3-thread-1] INFO  com.rs.mv.mvvs.common.convertor.ConvertorManager - [framework:30030103]keyword convertor load finish
2025-08-04 21:55:20.670 [pool-3-thread-1] INFO  com.rs.mv.mvvs.common.convertor.ConvertorManager - [framework:30030104]operator convertor load finish
2025-08-04 21:55:20.671 [pool-3-thread-1] INFO  com.rs.mv.mvvs.common.convertor.ConvertorManager - [framework:30030105]function name convertor load finish
2025-08-04 21:55:20.672 [pool-3-thread-1] INFO  com.rs.mv.mvvs.common.convertor.ConvertorManager - [framework:30030106]atVariable convertor load finish
2025-08-04 21:55:20.672 [pool-3-thread-1] INFO  com.rs.mv.mvvs.common.convertor.ConvertorManager - [framework:30030107]convertors for folder(C:/Users/ibrag/OneDrive/Рабочий стол/Spiralytics) load end
2025-08-04 21:55:20.674 [pool-3-thread-1] INFO  com.rs.mv.mvvs.rmv.config.CapabilityConfig - [framework:30010301]capabilities file(C:/Users/ibrag/OneDrive/Рабочий стол/Spiralytics/config/capability) doesn't exist or read error, default config will take effect
2025-08-04 21:55:20.674 [pool-3-thread-1] INFO  com.rs.mv.mvvs.instance.workspace.WorkspaceManager - [workspace:200105]load all workspace folders successful
2025-08-04 21:55:20.676 [pool-3-thread-1] INFO  com.rs.mv.mvvs.client.account.AccountManager - [client:40010101]load account manager start
2025-08-04 21:55:20.689 [pool-3-thread-1] INFO  com.rs.mv.mvvs.client.account.handler.CacheAccountHandler - [client:40010102]load cache account: 
2025-08-04 21:55:20.694 [pool-3-thread-1] INFO  com.rs.mv.mvvs.client.account.handler.ExternalAccountHandler - [client:40010103]load external account: 
2025-08-04 21:55:20.712 [pool-3-thread-1] INFO  com.rs.mv.mvvs.client.catalog.manager.U2CatalogManager - [client:400203]cache file auto update thread launch in Spiralytics account
2025-08-04 21:55:20.717 [pool-3-thread-1] INFO  com.rs.mv.mvvs.client.catalog.from.config.DirsConfigReader - [client:400206]parse dir config information
2025-08-04 21:55:20.719 [pool-3-thread-1] INFO  com.rs.mv.mvvs.client.catalog.from.config.MappingConfigReader - [client:400207]parse mapping config information
2025-08-04 21:55:20.720 [pool-3-thread-1] INFO  com.rs.mv.mvvs.client.catalog.manager.U2CatalogManager - [client:400202]start a schedule task to get global/local catalog for Spiralytics, its period 5s 
2025-08-04 21:55:20.721 [pool-3-thread-1] INFO  com.rs.mv.mvvs.client.catalog.manager.U2CatalogManager - [client:400203]cache file auto update thread launch in static account
2025-08-04 21:55:20.721 [pool-3-thread-1] INFO  com.rs.mv.mvvs.client.catalog.from.config.DirsConfigReader - [client:400206]parse dir config information
2025-08-04 21:55:20.722 [pool-3-thread-1] INFO  com.rs.mv.mvvs.client.catalog.from.config.MappingConfigReader - [client:400207]parse mapping config information
2025-08-04 21:55:20.722 [pool-3-thread-1] INFO  com.rs.mv.mvvs.client.catalog.manager.U2CatalogManager - [client:400202]start a schedule task to get global/local catalog for static, its period 5s 
2025-08-04 21:55:20.726 [pool-3-thread-1] INFO  com.rs.mv.mvvs.client.account.handler.ServerAccountHandler - [client:40010104]load server account: Account{name=static, path=C:/Users/ibrag/OneDrive/Рабочий стол/Spiralytics/static, type=PREDICT}
Account{name=Spiralytics, path=C:/Users/ibrag/OneDrive/Рабочий стол/Spiralytics, type=PREDICT}
2025-08-04 21:55:20.726 [pool-3-thread-1] INFO  com.rs.mv.mvvs.client.account.AccountManager - [client:40010105]load account manager finish
2025-08-04 21:55:20.727 [pool-3-thread-1] INFO  com.rs.mv.mvvs.instance.userspace.UserspaceManager - [framework:30010402]config file(C:\Users\ibrag/.rmv/config) watcher launch successful
2025-08-04 21:58:17.931 [pool-3-thread-1] INFO  com.rs.mv.mvvs.client.catalog.from.scan.CurrentPathScanner - [client:400205]scan file in current open file directory(C:/Users/ibrag/OneDrive/Рабочий стол/Spiralytics)
2025-08-04 21:58:21.056 [pool-3-thread-1] INFO  com.rs.mv.mvvs.client.catalog.from.scan.CurrentPathScanner - [client:400205]scan file in current open file directory(C:/Users/ibrag/OneDrive/Рабочий стол/Spiralytics)
2025-08-04 21:58:28.019 [pool-3-thread-1] INFO  com.rs.mv.mvvs.client.catalog.from.scan.CurrentPathScanner - [client:400205]scan file in current open file directory(C:/Users/ibrag/OneDrive/Рабочий стол/Spiralytics)
2025-08-04 21:58:31.819 [pool-3-thread-1] INFO  com.rs.mv.mvvs.client.catalog.from.scan.CurrentPathScanner - [client:400205]scan file in current open file directory(C:/Users/ibrag/OneDrive/Рабочий стол/Spiralytics)
2025-08-04 21:58:35.354 [pool-3-thread-1] INFO  com.rs.mv.mvvs.client.catalog.from.scan.CurrentPathScanner - [client:400205]scan file in current open file directory(C:/Users/ibrag/OneDrive/Рабочий стол/Spiralytics)
2025-08-04 21:58:50.803 [pool-3-thread-1] INFO  com.rs.mv.mvvs.client.catalog.from.scan.CurrentPathScanner - [client:400205]scan file in current open file directory(C:/Users/ibrag/OneDrive/Рабочий стол/Spiralytics)
2025-08-04 21:59:12.155 [pool-3-thread-1] INFO  com.rs.mv.mvvs.client.catalog.from.scan.CurrentPathScanner - [client:400205]scan file in current open file directory(C:/Users/ibrag/OneDrive/Рабочий стол/Spiralytics)
2025-08-04 21:59:14.129 [pool-3-thread-1] INFO  com.rs.mv.mvvs.client.catalog.from.scan.CurrentPathScanner - [client:400205]scan file in current open file directory(C:/Users/ibrag/OneDrive/Рабочий стол/Spiralytics)
2025-08-04 21:59:17.724 [pool-3-thread-1] INFO  com.rs.mv.mvvs.client.catalog.from.scan.CurrentPathScanner - [client:400205]scan file in current open file directory(C:/Users/ibrag/OneDrive/Рабочий стол/Spiralytics)
2025-08-04 21:59:23.714 [pool-3-thread-1] INFO  com.rs.mv.mvvs.client.catalog.from.scan.CurrentPathScanner - [client:400205]scan file in current open file directory(C:/Users/ibrag/OneDrive/Рабочий стол/Spiralytics)
2025-08-04 22:00:03.462 [pool-3-thread-1] INFO  com.rs.mv.mvvs.client.catalog.from.scan.CurrentPathScanner - [client:400205]scan file in current open file directory(C:/Users/ibrag/OneDrive/Рабочий стол/Spiralytics)
2025-08-04 22:02:50.610 [pool-3-thread-1] INFO  com.rs.mv.mvvs.client.catalog.from.scan.CurrentPathScanner - [client:400205]scan file in current open file directory(C:/Users/ibrag/OneDrive/Рабочий стол/Spiralytics)
2025-08-04 22:05:03.536 [pool-3-thread-1] INFO  com.rs.mv.mvvs.client.catalog.from.scan.CurrentPathScanner - [client:400205]scan file in current open file directory(C:/Users/ibrag/OneDrive/Рабочий стол/Spiralytics/static/fonts)
2025-08-04 22:05:04.820 [pool-3-thread-1] INFO  com.rs.mv.mvvs.client.catalog.from.scan.CurrentPathScanner - [client:400205]scan file in current open file directory(C:/Users/ibrag/OneDrive/Рабочий стол/Spiralytics)
2025-08-04 22:05:10.975 [pool-3-thread-1] INFO  com.rs.mv.mvvs.client.catalog.from.scan.CurrentPathScanner - [client:400205]scan file in current open file directory(C:/Users/ibrag/OneDrive/Рабочий стол/Spiralytics/static/css)
2025-08-04 22:05:13.112 [pool-3-thread-1] INFO  com.rs.mv.mvvs.client.catalog.from.scan.CurrentPathScanner - [client:400205]scan file in current open file directory(C:/Users/ibrag/OneDrive/Рабочий стол/Spiralytics)
2025-08-04 22:05:15.949 [pool-3-thread-1] INFO  com.rs.mv.mvvs.client.catalog.from.scan.CurrentPathScanner - [client:400205]scan file in current open file directory(C:/Users/ibrag/OneDrive/Рабочий стол/Spiralytics)
2025-08-04 22:05:20.686 [pool-3-thread-1] INFO  com.rs.mv.mvvs.client.catalog.from.scan.CurrentPathScanner - [client:400205]scan file in current open file directory(C:/Users/ibrag/OneDrive/Рабочий стол/Spiralytics)
2025-08-04 22:07:57.687 [pool-3-thread-1] INFO  com.rs.mv.mvvs.client.catalog.from.scan.CurrentPathScanner - [client:400205]scan file in current open file directory(C:/Users/ibrag/OneDrive/Рабочий стол/Spiralytics)
2025-08-04 22:07:59.200 [pool-3-thread-1] INFO  com.rs.mv.mvvs.client.catalog.from.scan.CurrentPathScanner - [client:400205]scan file in current open file directory(C:/Users/ibrag/OneDrive/Рабочий стол/Spiralytics)
2025-08-04 22:08:01.072 [pool-3-thread-1] INFO  com.rs.mv.mvvs.client.catalog.from.scan.CurrentPathScanner - [client:400205]scan file in current open file directory(C:/Users/ibrag/OneDrive/Рабочий стол/Spiralytics)
2025-08-04 22:08:12.376 [pool-3-thread-1] INFO  com.rs.mv.mvvs.client.catalog.from.scan.CurrentPathScanner - [client:400205]scan file in current open file directory(C:/Users/ibrag/OneDrive/Рабочий стол/Spiralytics)
2025-08-04 22:08:14.207 [pool-3-thread-1] INFO  com.rs.mv.mvvs.client.catalog.from.scan.CurrentPathScanner - [client:400205]scan file in current open file directory(C:/Users/ibrag/OneDrive/Рабочий стол/Spiralytics)
2025-08-04 22:09:59.552 [pool-3-thread-1] INFO  com.rs.mv.mvvs.client.catalog.from.scan.CurrentPathScanner - [client:400205]scan file in current open file directory(C:/Users/ibrag/OneDrive/Рабочий стол/Spiralytics)
2025-08-04 22:10:14.308 [pool-3-thread-1] INFO  com.rs.mv.mvvs.client.catalog.from.scan.CurrentPathScanner - [client:400205]scan file in current open file directory(C:/Users/ibrag/OneDrive/Рабочий стол/Spiralytics)
2025-08-04 22:11:30.756 [pool-3-thread-1] INFO  com.rs.mv.mvvs.client.catalog.from.scan.CurrentPathScanner - [client:400205]scan file in current open file directory(C:/Users/ibrag/OneDrive/Рабочий стол/Spiralytics/static/css)
2025-08-04 22:11:38.251 [pool-3-thread-1] INFO  com.rs.mv.mvvs.client.catalog.from.scan.CurrentPathScanner - [client:400205]scan file in current open file directory(C:/Users/ibrag/OneDrive/Рабочий стол/Spiralytics)
2025-08-04 22:11:40.250 [pool-3-thread-1] INFO  com.rs.mv.mvvs.client.catalog.from.scan.CurrentPathScanner - [client:400205]scan file in current open file directory(C:/Users/ibrag/OneDrive/Рабочий стол/Spiralytics)
2025-08-04 22:12:35.444 [pool-3-thread-1] INFO  com.rs.mv.mvvs.client.catalog.from.scan.CurrentPathScanner - [client:400205]scan file in current open file directory(C:/Users/ibrag/OneDrive/Рабочий стол/Spiralytics/static/css)
2025-08-04 22:12:36.570 [pool-3-thread-1] INFO  com.rs.mv.mvvs.client.catalog.from.scan.CurrentPathScanner - [client:400205]scan file in current open file directory(C:/Users/ibrag/OneDrive/Рабочий стол/Spiralytics)
2025-08-04 22:12:42.598 [pool-3-thread-1] INFO  com.rs.mv.mvvs.client.catalog.from.scan.CurrentPathScanner - [client:400205]scan file in current open file directory(C:/Users/ibrag/OneDrive/Рабочий стол/Spiralytics/static/css)
2025-08-04 22:12:43.561 [pool-3-thread-1] INFO  com.rs.mv.mvvs.client.catalog.from.scan.CurrentPathScanner - [client:400205]scan file in current open file directory(C:/Users/ibrag/OneDrive/Рабочий стол/Spiralytics)
2025-08-04 22:12:46.110 [pool-3-thread-1] INFO  com.rs.mv.mvvs.client.catalog.from.scan.CurrentPathScanner - [client:400205]scan file in current open file directory(C:/Users/ibrag/OneDrive/Рабочий стол/Spiralytics/static/css)
2025-08-04 22:12:57.751 [pool-3-thread-1] INFO  com.rs.mv.mvvs.client.catalog.from.scan.CurrentPathScanner - [client:400205]scan file in current open file directory(C:/Users/ibrag/OneDrive/Рабочий стол/Spiralytics)
2025-08-04 22:12:58.515 [pool-3-thread-1] INFO  com.rs.mv.mvvs.client.catalog.from.scan.CurrentPathScanner - [client:400205]scan file in current open file directory(C:/Users/ibrag/OneDrive/Рабочий стол/Spiralytics)
2025-08-04 22:13:15.711 [pool-3-thread-1] INFO  com.rs.mv.mvvs.client.catalog.from.scan.CurrentPathScanner - [client:400205]scan file in current open file directory(C:/Users/ibrag/OneDrive/Рабочий стол/Spiralytics)
2025-08-04 22:13:24.814 [pool-3-thread-1] INFO  com.rs.mv.mvvs.client.catalog.from.scan.CurrentPathScanner - [client:400205]scan file in current open file directory(C:/Users/ibrag/OneDrive/Рабочий стол/Spiralytics)
2025-08-04 22:13:38.925 [pool-3-thread-1] INFO  com.rs.mv.mvvs.client.catalog.from.scan.CurrentPathScanner - [client:400205]scan file in current open file directory(C:/Users/ibrag/OneDrive/Рабочий стол/Spiralytics/static/css)
2025-08-04 22:13:43.505 [pool-3-thread-1] INFO  com.rs.mv.mvvs.client.catalog.from.scan.CurrentPathScanner - [client:400205]scan file in current open file directory(C:/Users/ibrag/OneDrive/Рабочий стол/Spiralytics)
2025-08-04 22:13:50.239 [pool-3-thread-1] INFO  com.rs.mv.mvvs.client.catalog.from.scan.CurrentPathScanner - [client:400205]scan file in current open file directory(C:/Users/ibrag/OneDrive/Рабочий стол/Spiralytics/static/css)
2025-08-04 22:13:56.057 [pool-3-thread-1] INFO  com.rs.mv.mvvs.client.catalog.from.scan.CurrentPathScanner - [client:400205]scan file in current open file directory(C:/Users/ibrag/OneDrive/Рабочий стол/Spiralytics)
2025-08-04 22:13:56.656 [pool-3-thread-1] INFO  com.rs.mv.mvvs.client.catalog.from.scan.CurrentPathScanner - [client:400205]scan file in current open file directory(C:/Users/ibrag/OneDrive/Рабочий стол/Spiralytics)
2025-08-04 22:14:04.485 [pool-3-thread-1] INFO  com.rs.mv.mvvs.client.catalog.from.scan.CurrentPathScanner - [client:400205]scan file in current open file directory(C:/Users/ibrag/OneDrive/Рабочий стол/Spiralytics/static/css)
2025-08-04 22:14:06.884 [pool-3-thread-1] INFO  com.rs.mv.mvvs.client.catalog.from.scan.CurrentPathScanner - [client:400205]scan file in current open file directory(C:/Users/ibrag/OneDrive/Рабочий стол/Spiralytics)
2025-08-04 22:14:19.736 [pool-3-thread-1] INFO  com.rs.mv.mvvs.client.catalog.from.scan.CurrentPathScanner - [client:400205]scan file in current open file directory(C:/Users/ibrag/OneDrive/Рабочий стол/Spiralytics)
2025-08-04 22:14:28.299 [pool-3-thread-1] INFO  com.rs.mv.mvvs.client.catalog.from.scan.CurrentPathScanner - [client:400205]scan file in current open file directory(C:/Users/ibrag/OneDrive/Рабочий стол/Spiralytics/static/css)
2025-08-04 22:14:32.537 [pool-3-thread-1] INFO  com.rs.mv.mvvs.client.catalog.from.scan.CurrentPathScanner - [client:400205]scan file in current open file directory(C:/Users/ibrag/OneDrive/Рабочий стол/Spiralytics)
2025-08-04 22:14:33.988 [pool-3-thread-1] INFO  com.rs.mv.mvvs.client.catalog.from.scan.CurrentPathScanner - [client:400205]scan file in current open file directory(C:/Users/ibrag/OneDrive/Рабочий стол/Spiralytics/static/css)
2025-08-04 22:14:45.363 [pool-3-thread-1] INFO  com.rs.mv.mvvs.client.catalog.from.scan.CurrentPathScanner - [client:400205]scan file in current open file directory(C:/Users/ibrag/OneDrive/Рабочий стол/Spiralytics)
2025-08-04 22:14:47.355 [pool-3-thread-1] INFO  com.rs.mv.mvvs.client.catalog.from.scan.CurrentPathScanner - [client:400205]scan file in current open file directory(C:/Users/ibrag/OneDrive/Рабочий стол/Spiralytics)
2025-08-04 22:15:12.709 [pool-3-thread-1] INFO  com.rs.mv.mvvs.client.catalog.from.scan.CurrentPathScanner - [client:400205]scan file in current open file directory(C:/Users/ibrag/OneDrive/Рабочий стол/Spiralytics/static/css)
2025-08-04 22:15:21.466 [pool-3-thread-1] INFO  com.rs.mv.mvvs.client.catalog.from.scan.CurrentPathScanner - [client:400205]scan file in current open file directory(C:/Users/ibrag/OneDrive/Рабочий стол/Spiralytics)
2025-08-04 22:15:26.285 [pool-3-thread-1] INFO  com.rs.mv.mvvs.client.catalog.from.scan.CurrentPathScanner - [client:400205]scan file in current open file directory(C:/Users/ibrag/OneDrive/Рабочий стол/Spiralytics/static/css)
2025-08-04 22:15:28.351 [pool-3-thread-1] INFO  com.rs.mv.mvvs.client.catalog.from.scan.CurrentPathScanner - [client:400205]scan file in current open file directory(C:/Users/ibrag/OneDrive/Рабочий стол/Spiralytics)
2025-08-04 22:15:42.323 [pool-3-thread-1] INFO  com.rs.mv.mvvs.client.catalog.from.scan.CurrentPathScanner - [client:400205]scan file in current open file directory(C:/Users/ibrag/OneDrive/Рабочий стол/Spiralytics)
2025-08-04 22:15:58.086 [pool-3-thread-1] INFO  com.rs.mv.mvvs.client.catalog.from.scan.CurrentPathScanner - [client:400205]scan file in current open file directory(C:/Users/ibrag/OneDrive/Рабочий стол/Spiralytics)
2025-08-04 22:16:00.867 [pool-3-thread-1] INFO  com.rs.mv.mvvs.client.catalog.from.scan.CurrentPathScanner - [client:400205]scan file in current open file directory(C:/Users/ibrag/OneDrive/Рабочий стол/Spiralytics/static/css)
2025-08-04 22:16:08.115 [pool-3-thread-1] INFO  com.rs.mv.mvvs.client.catalog.from.scan.CurrentPathScanner - [client:400205]scan file in current open file directory(C:/Users/ibrag/OneDrive/Рабочий стол/Spiralytics)
2025-08-04 22:16:21.479 [pool-3-thread-1] INFO  com.rs.mv.mvvs.client.catalog.from.scan.CurrentPathScanner - [client:400205]scan file in current open file directory(C:/Users/ibrag/OneDrive/Рабочий стол/Spiralytics/static/css)
2025-08-04 22:16:27.952 [pool-3-thread-1] INFO  com.rs.mv.mvvs.client.catalog.from.scan.CurrentPathScanner - [client:400205]scan file in current open file directory(C:/Users/ibrag/OneDrive/Рабочий стол/Spiralytics)
2025-08-04 22:16:35.059 [pool-3-thread-1] INFO  com.rs.mv.mvvs.client.catalog.from.scan.CurrentPathScanner - [client:400205]scan file in current open file directory(C:/Users/ibrag/OneDrive/Рабочий стол/Spiralytics)
2025-08-04 22:16:49.294 [pool-3-thread-1] INFO  com.rs.mv.mvvs.client.catalog.from.scan.CurrentPathScanner - [client:400205]scan file in current open file directory(C:/Users/ibrag/OneDrive/Рабочий стол/Spiralytics/static/css)
2025-08-04 22:17:02.576 [pool-3-thread-1] INFO  com.rs.mv.mvvs.client.catalog.from.scan.CurrentPathScanner - [client:400205]scan file in current open file directory(C:/Users/ibrag/OneDrive/Рабочий стол/Spiralytics)
2025-08-04 22:17:42.331 [pool-3-thread-1] INFO  com.rs.mv.mvvs.client.catalog.from.scan.CurrentPathScanner - [client:400205]scan file in current open file directory(C:/Users/ibrag/OneDrive/Рабочий стол/Spiralytics/static/css)
2025-08-04 22:17:57.521 [pool-3-thread-1] INFO  com.rs.mv.mvvs.client.catalog.from.scan.CurrentPathScanner - [client:400205]scan file in current open file directory(C:/Users/ibrag/OneDrive/Рабочий стол/Spiralytics)
2025-08-04 22:18:04.450 [pool-3-thread-1] INFO  com.rs.mv.mvvs.client.catalog.from.scan.CurrentPathScanner - [client:400205]scan file in current open file directory(C:/Users/ibrag/OneDrive/Рабочий стол/Spiralytics)
2025-08-04 22:18:20.151 [pool-3-thread-1] INFO  com.rs.mv.mvvs.client.catalog.from.scan.CurrentPathScanner - [client:400205]scan file in current open file directory(C:/Users/ibrag/OneDrive/Рабочий стол/Spiralytics)
2025-08-04 22:18:30.663 [pool-3-thread-1] INFO  com.rs.mv.mvvs.client.catalog.from.scan.CurrentPathScanner - [client:400205]scan file in current open file directory(C:/Users/ibrag/OneDrive/Рабочий стол/Spiralytics/static/css)
2025-08-04 22:18:48.199 [pool-3-thread-1] INFO  com.rs.mv.mvvs.client.catalog.from.scan.CurrentPathScanner - [client:400205]scan file in current open file directory(C:/Users/ibrag/OneDrive/Рабочий стол/Spiralytics)
2025-08-04 22:19:01.731 [pool-3-thread-1] INFO  com.rs.mv.mvvs.client.catalog.from.scan.CurrentPathScanner - [client:400205]scan file in current open file directory(C:/Users/ibrag/OneDrive/Рабочий стол/Spiralytics/static/css)
2025-08-04 22:19:16.478 [pool-3-thread-1] INFO  com.rs.mv.mvvs.client.catalog.from.scan.CurrentPathScanner - [client:400205]scan file in current open file directory(C:/Users/ibrag/OneDrive/Рабочий стол/Spiralytics)
2025-08-04 22:20:55.938 [pool-3-thread-1] INFO  com.rs.mv.mvvs.client.catalog.from.scan.CurrentPathScanner - [client:400205]scan file in current open file directory(C:/Users/ibrag/OneDrive/Рабочий стол/Spiralytics/static/css)
2025-08-04 22:21:05.279 [pool-3-thread-1] INFO  com.rs.mv.mvvs.client.catalog.from.scan.CurrentPathScanner - [client:400205]scan file in current open file directory(C:/Users/ibrag/OneDrive/Рабочий стол/Spiralytics)
2025-08-04 22:21:09.953 [pool-3-thread-1] INFO  com.rs.mv.mvvs.client.catalog.from.scan.CurrentPathScanner - [client:400205]scan file in current open file directory(C:/Users/ibrag/OneDrive/Рабочий стол/Spiralytics/static/css)
2025-08-04 22:21:14.136 [pool-3-thread-1] INFO  com.rs.mv.mvvs.client.catalog.from.scan.CurrentPathScanner - [client:400205]scan file in current open file directory(C:/Users/ibrag/OneDrive/Рабочий стол/Spiralytics)
2025-08-04 22:21:28.306 [pool-3-thread-1] INFO  com.rs.mv.mvvs.client.catalog.from.scan.CurrentPathScanner - [client:400205]scan file in current open file directory(C:/Users/ibrag/OneDrive/Рабочий стол/Spiralytics)
2025-08-04 22:21:42.964 [pool-3-thread-1] INFO  com.rs.mv.mvvs.client.catalog.from.scan.CurrentPathScanner - [client:400205]scan file in current open file directory(C:/Users/ibrag/OneDrive/Рабочий стол/Spiralytics)
2025-08-04 22:21:43.979 [pool-3-thread-1] INFO  com.rs.mv.mvvs.client.catalog.from.scan.CurrentPathScanner - [client:400205]scan file in current open file directory(C:/Users/ibrag/OneDrive/Рабочий стол/Spiralytics/static/css)
2025-08-04 22:22:04.171 [pool-3-thread-1] INFO  com.rs.mv.mvvs.client.catalog.from.scan.CurrentPathScanner - [client:400205]scan file in current open file directory(C:/Users/ibrag/OneDrive/Рабочий стол/Spiralytics)
2025-08-04 22:22:06.345 [pool-3-thread-1] INFO  com.rs.mv.mvvs.client.catalog.from.scan.CurrentPathScanner - [client:400205]scan file in current open file directory(C:/Users/ibrag/OneDrive/Рабочий стол/Spiralytics)
2025-08-04 22:24:42.672 [pool-3-thread-1] INFO  com.rs.mv.mvvs.client.catalog.from.scan.CurrentPathScanner - [client:400205]scan file in current open file directory(C:/Users/ibrag/OneDrive/Рабочий стол/Spiralytics/static/css)
2025-08-04 22:25:05.121 [pool-3-thread-1] INFO  com.rs.mv.mvvs.client.catalog.from.scan.CurrentPathScanner - [client:400205]scan file in current open file directory(C:/Users/ibrag/OneDrive/Рабочий стол/Spiralytics)
2025-08-04 22:25:07.888 [pool-3-thread-1] INFO  com.rs.mv.mvvs.client.catalog.from.scan.CurrentPathScanner - [client:400205]scan file in current open file directory(C:/Users/ibrag/OneDrive/Рабочий стол/Spiralytics)
2025-08-04 22:26:25.855 [pool-3-thread-1] INFO  com.rs.mv.mvvs.client.catalog.from.scan.CurrentPathScanner - [client:400205]scan file in current open file directory(C:/Users/ibrag/OneDrive/Рабочий стол/Spiralytics/static/css)
2025-08-04 22:26:29.465 [pool-3-thread-1] INFO  com.rs.mv.mvvs.client.catalog.from.scan.CurrentPathScanner - [client:400205]scan file in current open file directory(C:/Users/ibrag/OneDrive/Рабочий стол/Spiralytics)
2025-08-04 22:26:30.092 [pool-3-thread-1] INFO  com.rs.mv.mvvs.client.catalog.from.scan.CurrentPathScanner - [client:400205]scan file in current open file directory(C:/Users/ibrag/OneDrive/Рабочий стол/Spiralytics)
2025-08-04 22:27:16.067 [pool-3-thread-1] INFO  com.rs.mv.mvvs.client.catalog.from.scan.CurrentPathScanner - [client:400205]scan file in current open file directory(C:/Users/ibrag/OneDrive/Рабочий стол/Spiralytics/static/css)
2025-08-04 22:27:34.585 [pool-3-thread-1] INFO  com.rs.mv.mvvs.client.catalog.from.scan.CurrentPathScanner - [client:400205]scan file in current open file directory(C:/Users/ibrag/OneDrive/Рабочий стол/Spiralytics)
2025-08-04 22:28:03.662 [pool-3-thread-1] INFO  com.rs.mv.mvvs.client.catalog.from.scan.CurrentPathScanner - [client:400205]scan file in current open file directory(C:/Users/ibrag/OneDrive/Рабочий стол/Spiralytics/static/css)
2025-08-04 22:32:23.198 [pool-3-thread-1] INFO  com.rs.mv.mvvs.client.catalog.from.scan.CurrentPathScanner - [client:400205]scan file in current open file directory(C:/Users/ibrag/OneDrive/Рабочий стол/Spiralytics)
2025-08-04 22:46:22.526 [main] WARN  com.rs.mv.mvvs.Startup - [LSP:100104]ROCKET MV BASIC EXTENSION exited
